<?xml version="1.0" encoding="UTF-8"?>
<!-- Generated by org.testng.reporters.JUnitXMLReporter -->
<testsuite hostname="LAPTOP-UBQPUFNI" name="OrangeHRMDemo Test Cases" tests="15" failures="1" timestamp="5 Apr 2023 02:18:33 GMT" time="521.257" errors="0">
  <testcase name="loginpagetitletest" time="0.169" classname="com.OrangeHrmDemo.qa.Testcases.LoginPageTest"/>
  <testcase name="orangehrmlogotest" time="2.75" classname="com.OrangeHrmDemo.qa.Testcases.LoginPageTest"/>
  <testcase name="loginpagetitlelogotest" time="7.88" classname="com.OrangeHrmDemo.qa.Testcases.LoginPageTest"/>
  <testcase name="logintest" time="5.681" classname="com.OrangeHrmDemo.qa.Testcases.LoginPageTest"/>
  <testcase name="userlabelTest" time="1.075" classname="com.OrangeHrmDemo.qa.Testcases.DashboardPageTest"/>
  <testcase name="dashboardlabeltest" time="1.366" classname="com.OrangeHrmDemo.qa.Testcases.DashboardPageTest"/>
  <testcase name="myinfotest" time="3.838" classname="com.OrangeHrmDemo.qa.Testcases.DashboardPageTest"/>
  <testcase name="leavetest" time="3.25" classname="com.OrangeHrmDemo.qa.Testcases.DashboardPageTest"/>
  <testcase name="requirmentstest" time="4.014" classname="com.OrangeHrmDemo.qa.Testcases.DashboardPageTest"/>
  <testcase name="requirementslabletest" time="1.289" classname="com.OrangeHrmDemo.qa.Testcases.RequirementsPageTest"/>
  <testcase name="candidatelabeltest" time="1.045" classname="com.OrangeHrmDemo.qa.Testcases.RequirementsPageTest"/>
  <testcase name="selectcheckboxtest" time="10.173" classname="com.OrangeHrmDemo.qa.Testcases.RequirementsPageTest">
    <failure type="org.openqa.selenium.NoSuchElementException" message="no such element: Unable to locate element: {&amp;quot;method&amp;quot;:&amp;quot;xpath&amp;quot;,&amp;quot;selector&amp;quot;:&amp;quot;//div[contains(text(),&amp;apos;Sales Representative&amp;apos;)]//parent::div//preceding-sibling::div/div/div/label/span/i&amp;quot;}
  (Session info: chrome=111.0.5563.147)
For documentation on this error, please visit: https://selenium.dev/exceptions/#no_such_element
Build info: version: &amp;apos;4.8.3&amp;apos;, revision: &amp;apos;e5e76298c3&amp;apos;
System info: os.name: &amp;apos;Windows 10&amp;apos;, os.arch: &amp;apos;amd64&amp;apos;, os.version: &amp;apos;10.0&amp;apos;, java.version: &amp;apos;1.8.0_361&amp;apos;
Driver info: org.openqa.selenium.chrome.ChromeDriver
Command: [157f96e7211318469f4de382ffca15d6, findElement {using=xpath, value=//div[contains(text(),&amp;apos;Sales Representative&amp;apos;)]//parent::div//preceding-sibling::div/div/div/label/span/i}]
Capabilities {acceptInsecureCerts: false, browserName: chrome, browserVersion: 111.0.5563.147, chrome: {chromedriverVersion: 111.0.5563.64 (c710e93d5b63..., userDataDir: C:\Users\BAPPAR~1\AppData\L...}, goog:chromeOptions: {debuggerAddress: localhost:49990}, networkConnectionEnabled: false, pageLoadStrategy: normal, platformName: WINDOWS, proxy: Proxy(), se:cdp: ws://localhost:49990/devtoo..., se:cdpVersion: 111.0.5563.147, setWindowRect: true, strictFileInteractability: false, timeouts: {implicit: 0, pageLoad: 300000, script: 30000}, unhandledPromptBehavior: dismiss and notify, webauthn:extension:credBlob: true, webauthn:extension:largeBlob: true, webauthn:extension:minPinLength: true, webauthn:extension:prf: true, webauthn:virtualAuthenticators: true}
Session ID: 157f96e7211318469f4de382ffca15d6">
      <![CDATA[org.openqa.selenium.NoSuchElementException: no such element: Unable to locate element: {"method":"xpath","selector":"//div[contains(text(),'Sales Representative')]//parent::div//preceding-sibling::div/div/div/label/span/i"}
  (Session info: chrome=111.0.5563.147)
For documentation on this error, please visit: https://selenium.dev/exceptions/#no_such_element
Build info: version: '4.8.3', revision: 'e5e76298c3'
System info: os.name: 'Windows 10', os.arch: 'amd64', os.version: '10.0', java.version: '1.8.0_361'
Driver info: org.openqa.selenium.chrome.ChromeDriver
Command: [157f96e7211318469f4de382ffca15d6, findElement {using=xpath, value=//div[contains(text(),'Sales Representative')]//parent::div//preceding-sibling::div/div/div/label/span/i}]
Capabilities {acceptInsecureCerts: false, browserName: chrome, browserVersion: 111.0.5563.147, chrome: {chromedriverVersion: 111.0.5563.64 (c710e93d5b63..., userDataDir: C:\Users\BAPPAR~1\AppData\L...}, goog:chromeOptions: {debuggerAddress: localhost:49990}, networkConnectionEnabled: false, pageLoadStrategy: normal, platformName: WINDOWS, proxy: Proxy(), se:cdp: ws://localhost:49990/devtoo..., se:cdpVersion: 111.0.5563.147, setWindowRect: true, strictFileInteractability: false, timeouts: {implicit: 0, pageLoad: 300000, script: 30000}, unhandledPromptBehavior: dismiss and notify, webauthn:extension:credBlob: true, webauthn:extension:largeBlob: true, webauthn:extension:minPinLength: true, webauthn:extension:prf: true, webauthn:virtualAuthenticators: true}
Session ID: 157f96e7211318469f4de382ffca15d6
	at org.openqa.selenium.remote.codec.w3c.W3CHttpResponseCodec.createException(W3CHttpResponseCodec.java:200)
	at org.openqa.selenium.remote.codec.w3c.W3CHttpResponseCodec.decode(W3CHttpResponseCodec.java:133)
	at org.openqa.selenium.remote.codec.w3c.W3CHttpResponseCodec.decode(W3CHttpResponseCodec.java:53)
	at org.openqa.selenium.remote.HttpCommandExecutor.execute(HttpCommandExecutor.java:193)
	at org.openqa.selenium.remote.service.DriverCommandExecutor.invokeExecute(DriverCommandExecutor.java:183)
	at org.openqa.selenium.remote.service.DriverCommandExecutor.execute(DriverCommandExecutor.java:158)
	at org.openqa.selenium.remote.RemoteWebDriver.execute(RemoteWebDriver.java:543)
	at org.openqa.selenium.remote.ElementLocation$ElementFinder$2.findElement(ElementLocation.java:162)
	at org.openqa.selenium.remote.ElementLocation.findElement(ElementLocation.java:60)
	at org.openqa.selenium.remote.RemoteWebDriver.findElement(RemoteWebDriver.java:352)
	at org.openqa.selenium.remote.RemoteWebDriver.findElement(RemoteWebDriver.java:344)
	at com.OrangeHrmDemo.qa.Pages.Requirments.selectsalrepreqcheckbox(Requirments.java:51)
	at com.OrangeHrmDemo.qa.Testcases.RequirementsPageTest.selectcheckboxtest(RequirementsPageTest.java:49)
... Removed 28 stack frames]]>
    </failure>
  </testcase> <!-- selectcheckboxtest -->
  <testcase name="createnewrqmtstest" time="5.039" classname="com.OrangeHrmDemo.qa.Testcases.RequirementsPageTest"/>
  <testcase name="createnewrqmtstest" time="5.398" classname="com.OrangeHrmDemo.qa.Testcases.RequirementsPageTest"/>
  <testcase name="createnewrqmtstest" time="5.571" classname="com.OrangeHrmDemo.qa.Testcases.RequirementsPageTest"/>
</testsuite> <!-- OrangeHRMDemo Test Cases -->
