<html>
<head>
<title>TestNG:  OrangeHRMDemo Test Cases</title>
<link href="../testng.css" rel="stylesheet" type="text/css" />
<link href="../my-testng.css" rel="stylesheet" type="text/css" />

<style type="text/css">
.log { display: none;} 
.stack-trace { display: none;} 
</style>
<script type="text/javascript">
<!--
function flip(e) {
  current = e.style.display;
  if (current == 'block') {
    e.style.display = 'none';
    return 0;
  }
  else {
    e.style.display = 'block';
    return 1;
  }
}

function toggleBox(szDivId, elem, msg1, msg2)
{
  var res = -1;  if (document.getElementById) {
    res = flip(document.getElementById(szDivId));
  }
  else if (document.all) {
    // this is the way old msie versions work
    res = flip(document.all[szDivId]);
  }
  if(elem) {
    if(res == 0) elem.innerHTML = msg1; else elem.innerHTML = msg2;
  }

}

function toggleAllBoxes() {
  if (document.getElementsByTagName) {
    d = document.getElementsByTagName('div');
    for (i = 0; i < d.length; i++) {
      if (d[i].className == 'log') {
        flip(d[i]);
      }
    }
  }
}

// -->
</script>

</head>
<body>
<h2 align='center'>OrangeHRMDemo Test Cases</h2><table border='1' align="center">
<tr>
<td>Tests passed/Failed/Skipped:</td><td>13/2/0</td>
</tr><tr>
<td>Started on:</td><td>Thu Apr 06 16:54:59 IST 2023</td>
</tr>
<tr><td>Total time:</td><td>298 seconds (298093 ms)</td>
</tr><tr>
<td>Included groups:</td><td></td>
</tr><tr>
<td>Excluded groups:</td><td></td>
</tr>
</table><p/>
<small><i>(Hover the method name to see the test class name)</i></small><p/>
<table width='100%' border='1' class='invocation-failed'>
<tr><td colspan='4' align='center'><b>FAILED TESTS</b></td></tr>
<tr><td><b>Test method</b></td>
<td width="30%"><b>Exception</b></td>
<td width="10%"><b>Time (seconds)</b></td>
<td><b>Instance</b></td>
</tr>
<tr>
<td title='com.OrangeHrmDemo.qa.Testcases.DashboardPageTest.userlabelTest()'><b>userlabelTest</b><br>Test class: com.OrangeHrmDemo.qa.Testcases.DashboardPageTest</td>
<td><div><pre>org.openqa.selenium.NoSuchElementException: no such element: Unable to locate element: {&quot;method&quot;:&quot;xpath&quot;,&quot;selector&quot;:&quot;//p[text()=&apos;Paul Collings&apos;]&quot;}
  (Session info: chrome=111.0.5563.147)
For documentation on this error, please visit: https://selenium.dev/exceptions/#no_such_element
Build info: version: &apos;4.8.3&apos;, revision: &apos;e5e76298c3&apos;
System info: os.name: &apos;Windows 10&apos;, os.arch: &apos;amd64&apos;, os.version: &apos;10.0&apos;, java.version: &apos;17.0.5&apos;
Driver info: org.openqa.selenium.chrome.ChromeDriver
Command: [1bcbd2ab3dbf3e411997f1bd9872fa63, findElement {using=xpath, value=//p[text()=&apos;Paul Collings&apos;]}]
Capabilities {acceptInsecureCerts: false, browserName: chrome, browserVersion: 111.0.5563.147, chrome: {chromedriverVersion: 111.0.5563.64 (c710e93d5b63..., userDataDir: C:\Users\BAPPAR~1\AppData\L...}, goog:chromeOptions: {debuggerAddress: localhost:51835}, networkConnectionEnabled: false, pageLoadStrategy: normal, platformName: WINDOWS, proxy: Proxy(), se:cdp: ws://localhost:51835/devtoo..., se:cdpVersion: 111.0.5563.147, setWindowRect: true, strictFileInteractability: false, timeouts: {implicit: 0, pageLoad: 300000, script: 30000}, unhandledPromptBehavior: dismiss and notify, webauthn:extension:credBlob: true, webauthn:extension:largeBlob: true, webauthn:extension:minPinLength: true, webauthn:extension:prf: true, webauthn:virtualAuthenticators: true}
Session ID: 1bcbd2ab3dbf3e411997f1bd9872fa63
	at org.openqa.selenium.remote.codec.w3c.W3CHttpResponseCodec.createException(W3CHttpResponseCodec.java:200)
	at org.openqa.selenium.remote.codec.w3c.W3CHttpResponseCodec.decode(W3CHttpResponseCodec.java:133)
	at org.openqa.selenium.remote.codec.w3c.W3CHttpResponseCodec.decode(W3CHttpResponseCodec.java:53)
	at org.openqa.selenium.remote.HttpCommandExecutor.execute(HttpCommandExecutor.java:193)
	at org.openqa.selenium.remote.service.DriverCommandExecutor.invokeExecute(DriverCommandExecutor.java:183)
	at org.openqa.selenium.remote.service.DriverCommandExecutor.execute(DriverCommandExecutor.java:158)
	at org.openqa.selenium.remote.RemoteWebDriver.execute(RemoteWebDriver.java:543)
	at org.openqa.selenium.remote.ElementLocation$ElementFinder$2.findElement(ElementLocation.java:162)
	at org.openqa.selenium.remote.ElementLocation.findElement(ElementLocation.java:60)
	at org.openqa.selenium.remote.RemoteWebDriver.findElement(RemoteWebDriver.java:352)
	at org.openqa.selenium.remote.RemoteWebDriver.findElement(RemoteWebDriver.java:344)
	at org.openqa.selenium.support.pagefactory.DefaultElementLocator.findElement(DefaultElementLocator.java:70)
	at org.openqa.selenium.support.pagefactory.internal.LocatingElementHandler.invoke(LocatingElementHandler.java:39)
	at jdk.proxy2/jdk.proxy2.$Proxy18.isDisplayed(Unknown Source)
	at com.OrangeHrmDemo.qa.Pages.Dashboard.validateuserlabel(Dashboard.java:33)
	at com.OrangeHrmDemo.qa.Testcases.DashboardPageTest.userlabelTest(DashboardPageTest.java:38)
	at java.base/java.util.ArrayList.forEach(ArrayList.java:1511)
... Removed 32 stack frames</pre></div><a href='#' onClick='toggleBox("stack-trace1273689789", this, "Click to show all stack frames", "Click to hide stack frames")'>Click to show all stack frames</a>
<div class='stack-trace' id='stack-trace1273689789'><pre>org.openqa.selenium.NoSuchElementException: no such element: Unable to locate element: {&quot;method&quot;:&quot;xpath&quot;,&quot;selector&quot;:&quot;//p[text()=&apos;Paul Collings&apos;]&quot;}
  (Session info: chrome=111.0.5563.147)
For documentation on this error, please visit: https://selenium.dev/exceptions/#no_such_element
Build info: version: &apos;4.8.3&apos;, revision: &apos;e5e76298c3&apos;
System info: os.name: &apos;Windows 10&apos;, os.arch: &apos;amd64&apos;, os.version: &apos;10.0&apos;, java.version: &apos;17.0.5&apos;
Driver info: org.openqa.selenium.chrome.ChromeDriver
Command: [1bcbd2ab3dbf3e411997f1bd9872fa63, findElement {using=xpath, value=//p[text()=&apos;Paul Collings&apos;]}]
Capabilities {acceptInsecureCerts: false, browserName: chrome, browserVersion: 111.0.5563.147, chrome: {chromedriverVersion: 111.0.5563.64 (c710e93d5b63..., userDataDir: C:\Users\BAPPAR~1\AppData\L...}, goog:chromeOptions: {debuggerAddress: localhost:51835}, networkConnectionEnabled: false, pageLoadStrategy: normal, platformName: WINDOWS, proxy: Proxy(), se:cdp: ws://localhost:51835/devtoo..., se:cdpVersion: 111.0.5563.147, setWindowRect: true, strictFileInteractability: false, timeouts: {implicit: 0, pageLoad: 300000, script: 30000}, unhandledPromptBehavior: dismiss and notify, webauthn:extension:credBlob: true, webauthn:extension:largeBlob: true, webauthn:extension:minPinLength: true, webauthn:extension:prf: true, webauthn:virtualAuthenticators: true}
Session ID: 1bcbd2ab3dbf3e411997f1bd9872fa63
	at java.base/jdk.internal.reflect.NativeConstructorAccessorImpl.newInstance0(Native Method)
	at java.base/jdk.internal.reflect.NativeConstructorAccessorImpl.newInstance(NativeConstructorAccessorImpl.java:77)
	at java.base/jdk.internal.reflect.DelegatingConstructorAccessorImpl.newInstance(DelegatingConstructorAccessorImpl.java:45)
	at java.base/java.lang.reflect.Constructor.newInstanceWithCaller(Constructor.java:499)
	at java.base/java.lang.reflect.Constructor.newInstance(Constructor.java:480)
	at org.openqa.selenium.remote.codec.w3c.W3CHttpResponseCodec.createException(W3CHttpResponseCodec.java:200)
	at org.openqa.selenium.remote.codec.w3c.W3CHttpResponseCodec.decode(W3CHttpResponseCodec.java:133)
	at org.openqa.selenium.remote.codec.w3c.W3CHttpResponseCodec.decode(W3CHttpResponseCodec.java:53)
	at org.openqa.selenium.remote.HttpCommandExecutor.execute(HttpCommandExecutor.java:193)
	at org.openqa.selenium.remote.service.DriverCommandExecutor.invokeExecute(DriverCommandExecutor.java:183)
	at org.openqa.selenium.remote.service.DriverCommandExecutor.execute(DriverCommandExecutor.java:158)
	at org.openqa.selenium.remote.RemoteWebDriver.execute(RemoteWebDriver.java:543)
	at org.openqa.selenium.remote.ElementLocation$ElementFinder$2.findElement(ElementLocation.java:162)
	at org.openqa.selenium.remote.ElementLocation.findElement(ElementLocation.java:60)
	at org.openqa.selenium.remote.RemoteWebDriver.findElement(RemoteWebDriver.java:352)
	at org.openqa.selenium.remote.RemoteWebDriver.findElement(RemoteWebDriver.java:344)
	at org.openqa.selenium.support.pagefactory.DefaultElementLocator.findElement(DefaultElementLocator.java:70)
	at org.openqa.selenium.support.pagefactory.internal.LocatingElementHandler.invoke(LocatingElementHandler.java:39)
	at jdk.proxy2/jdk.proxy2.$Proxy18.isDisplayed(Unknown Source)
	at com.OrangeHrmDemo.qa.Pages.Dashboard.validateuserlabel(Dashboard.java:33)
	at com.OrangeHrmDemo.qa.Testcases.DashboardPageTest.userlabelTest(DashboardPageTest.java:38)
	at java.base/jdk.internal.reflect.NativeMethodAccessorImpl.invoke0(Native Method)
	at java.base/jdk.internal.reflect.NativeMethodAccessorImpl.invoke(NativeMethodAccessorImpl.java:77)
	at java.base/jdk.internal.reflect.DelegatingMethodAccessorImpl.invoke(DelegatingMethodAccessorImpl.java:43)
	at java.base/java.lang.reflect.Method.invoke(Method.java:568)
	at org.testng.internal.MethodInvocationHelper.invokeMethod(MethodInvocationHelper.java:133)
	at org.testng.internal.TestInvoker.invokeMethod(TestInvoker.java:598)
	at org.testng.internal.TestInvoker.invokeTestMethod(TestInvoker.java:173)
	at org.testng.internal.MethodRunner.runInSequence(MethodRunner.java:46)
	at org.testng.internal.TestInvoker$MethodInvocationAgent.invoke(TestInvoker.java:824)
	at org.testng.internal.TestInvoker.invokeTestMethods(TestInvoker.java:146)
	at org.testng.internal.TestMethodWorker.invokeTestMethods(TestMethodWorker.java:146)
	at org.testng.internal.TestMethodWorker.run(TestMethodWorker.java:128)
	at java.base/java.util.ArrayList.forEach(ArrayList.java:1511)
	at org.testng.TestRunner.privateRun(TestRunner.java:794)
	at org.testng.TestRunner.run(TestRunner.java:596)
	at org.testng.SuiteRunner.runTest(SuiteRunner.java:377)
	at org.testng.SuiteRunner.runSequentially(SuiteRunner.java:371)
	at org.testng.SuiteRunner.privateRun(SuiteRunner.java:332)
	at org.testng.SuiteRunner.run(SuiteRunner.java:276)
	at org.testng.SuiteRunnerWorker.runSuite(SuiteRunnerWorker.java:53)
	at org.testng.SuiteRunnerWorker.run(SuiteRunnerWorker.java:96)
	at org.testng.TestNG.runSuitesSequentially(TestNG.java:1212)
	at org.testng.TestNG.runSuitesLocally(TestNG.java:1134)
	at org.testng.TestNG.runSuites(TestNG.java:1063)
	at org.testng.TestNG.run(TestNG.java:1031)
	at org.testng.remote.AbstractRemoteTestNG.run(AbstractRemoteTestNG.java:115)
	at org.testng.remote.RemoteTestNG.initAndRun(RemoteTestNG.java:251)
	at org.testng.remote.RemoteTestNG.main(RemoteTestNG.java:77)
</pre></div></td>
<td>10</td>
<td>com.OrangeHrmDemo.qa.Testcases.DashboardPageTest@59505b48</td></tr>
<tr>
<td title='com.OrangeHrmDemo.qa.Testcases.RequirementsPageTest.selectcheckboxtest()'><b>selectcheckboxtest</b><br>Test class: com.OrangeHrmDemo.qa.Testcases.RequirementsPageTest</td>
<td><div><pre>java.lang.AssertionError: expected [true] but found [false]
	at com.OrangeHrmDemo.qa.Testcases.RequirementsPageTest.selectcheckboxtest(RequirementsPageTest.java:50)
	at java.base/java.util.ArrayList.forEach(ArrayList.java:1511)
... Removed 31 stack frames</pre></div><a href='#' onClick='toggleBox("stack-trace1614588868", this, "Click to show all stack frames", "Click to hide stack frames")'>Click to show all stack frames</a>
<div class='stack-trace' id='stack-trace1614588868'><pre>java.lang.AssertionError: expected [true] but found [false]
	at org.testng.Assert.fail(Assert.java:99)
	at org.testng.Assert.failNotEquals(Assert.java:1037)
	at org.testng.Assert.assertTrue(Assert.java:45)
	at org.testng.Assert.assertTrue(Assert.java:55)
	at com.OrangeHrmDemo.qa.Testcases.RequirementsPageTest.selectcheckboxtest(RequirementsPageTest.java:50)
	at java.base/jdk.internal.reflect.NativeMethodAccessorImpl.invoke0(Native Method)
	at java.base/jdk.internal.reflect.NativeMethodAccessorImpl.invoke(NativeMethodAccessorImpl.java:77)
	at java.base/jdk.internal.reflect.DelegatingMethodAccessorImpl.invoke(DelegatingMethodAccessorImpl.java:43)
	at java.base/java.lang.reflect.Method.invoke(Method.java:568)
	at org.testng.internal.MethodInvocationHelper.invokeMethod(MethodInvocationHelper.java:133)
	at org.testng.internal.TestInvoker.invokeMethod(TestInvoker.java:598)
	at org.testng.internal.TestInvoker.invokeTestMethod(TestInvoker.java:173)
	at org.testng.internal.MethodRunner.runInSequence(MethodRunner.java:46)
	at org.testng.internal.TestInvoker$MethodInvocationAgent.invoke(TestInvoker.java:824)
	at org.testng.internal.TestInvoker.invokeTestMethods(TestInvoker.java:146)
	at org.testng.internal.TestMethodWorker.invokeTestMethods(TestMethodWorker.java:146)
	at org.testng.internal.TestMethodWorker.run(TestMethodWorker.java:128)
	at java.base/java.util.ArrayList.forEach(ArrayList.java:1511)
	at org.testng.TestRunner.privateRun(TestRunner.java:794)
	at org.testng.TestRunner.run(TestRunner.java:596)
	at org.testng.SuiteRunner.runTest(SuiteRunner.java:377)
	at org.testng.SuiteRunner.runSequentially(SuiteRunner.java:371)
	at org.testng.SuiteRunner.privateRun(SuiteRunner.java:332)
	at org.testng.SuiteRunner.run(SuiteRunner.java:276)
	at org.testng.SuiteRunnerWorker.runSuite(SuiteRunnerWorker.java:53)
	at org.testng.SuiteRunnerWorker.run(SuiteRunnerWorker.java:96)
	at org.testng.TestNG.runSuitesSequentially(TestNG.java:1212)
	at org.testng.TestNG.runSuitesLocally(TestNG.java:1134)
	at org.testng.TestNG.runSuites(TestNG.java:1063)
	at org.testng.TestNG.run(TestNG.java:1031)
	at org.testng.remote.AbstractRemoteTestNG.run(AbstractRemoteTestNG.java:115)
	at org.testng.remote.RemoteTestNG.initAndRun(RemoteTestNG.java:251)
	at org.testng.remote.RemoteTestNG.main(RemoteTestNG.java:77)
</pre></div></td>
<td>1</td>
<td>com.OrangeHrmDemo.qa.Testcases.RequirementsPageTest@4efac082</td></tr>
</table><p>
<table width='100%' border='1' class='invocation-passed'>
<tr><td colspan='4' align='center'><b>PASSED TESTS</b></td></tr>
<tr><td><b>Test method</b></td>
<td width="30%"><b>Exception</b></td>
<td width="10%"><b>Time (seconds)</b></td>
<td><b>Instance</b></td>
</tr>
<tr>
<td title='com.OrangeHrmDemo.qa.Testcases.DashboardPageTest.myinfotest()'><b>myinfotest</b><br>Test class: com.OrangeHrmDemo.qa.Testcases.DashboardPageTest</td>
<td></td>
<td>2</td>
<td>com.OrangeHrmDemo.qa.Testcases.DashboardPageTest@59505b48</td></tr>
<tr>
<td title='com.OrangeHrmDemo.qa.Testcases.RequirementsPageTest.createnewrqmtstest()'><b>createnewrqmtstest</b><br>Test class: com.OrangeHrmDemo.qa.Testcases.RequirementsPageTest<br>Parameters: Ram, shantha, ram@12.com</td>
<td></td>
<td>2</td>
<td>com.OrangeHrmDemo.qa.Testcases.RequirementsPageTest@4efac082</td></tr>
<tr>
<td title='com.OrangeHrmDemo.qa.Testcases.LoginPageTest.loginpagetitlelogotest()'><b>loginpagetitlelogotest</b><br>Test class: com.OrangeHrmDemo.qa.Testcases.LoginPageTest</td>
<td></td>
<td>0</td>
<td>com.OrangeHrmDemo.qa.Testcases.LoginPageTest@bae7dc0</td></tr>
<tr>
<td title='com.OrangeHrmDemo.qa.Testcases.LoginPageTest.orangehrmlogotest()'><b>orangehrmlogotest</b><br>Test class: com.OrangeHrmDemo.qa.Testcases.LoginPageTest</td>
<td></td>
<td>1</td>
<td>com.OrangeHrmDemo.qa.Testcases.LoginPageTest@bae7dc0</td></tr>
<tr>
<td title='com.OrangeHrmDemo.qa.Testcases.LoginPageTest.logintest()'><b>logintest</b><br>Test class: com.OrangeHrmDemo.qa.Testcases.LoginPageTest</td>
<td></td>
<td>2</td>
<td>com.OrangeHrmDemo.qa.Testcases.LoginPageTest@bae7dc0</td></tr>
<tr>
<td title='com.OrangeHrmDemo.qa.Testcases.RequirementsPageTest.candidatelabeltest()'><b>candidatelabeltest</b><br>Test class: com.OrangeHrmDemo.qa.Testcases.RequirementsPageTest</td>
<td></td>
<td>0</td>
<td>com.OrangeHrmDemo.qa.Testcases.RequirementsPageTest@4efac082</td></tr>
<tr>
<td title='com.OrangeHrmDemo.qa.Testcases.LoginPageTest.loginpagetitletest()'><b>loginpagetitletest</b><br>Test class: com.OrangeHrmDemo.qa.Testcases.LoginPageTest</td>
<td></td>
<td>0</td>
<td>com.OrangeHrmDemo.qa.Testcases.LoginPageTest@bae7dc0</td></tr>
<tr>
<td title='com.OrangeHrmDemo.qa.Testcases.DashboardPageTest.leavetest()'><b>leavetest</b><br>Test class: com.OrangeHrmDemo.qa.Testcases.DashboardPageTest</td>
<td></td>
<td>4</td>
<td>com.OrangeHrmDemo.qa.Testcases.DashboardPageTest@59505b48</td></tr>
<tr>
<td title='com.OrangeHrmDemo.qa.Testcases.RequirementsPageTest.createnewrqmtstest()'><b>createnewrqmtstest</b><br>Test class: com.OrangeHrmDemo.qa.Testcases.RequirementsPageTest<br>Parameters: Bappa, raya, bappa@12.com</td>
<td></td>
<td>3</td>
<td>com.OrangeHrmDemo.qa.Testcases.RequirementsPageTest@4efac082</td></tr>
<tr>
<td title='com.OrangeHrmDemo.qa.Testcases.DashboardPageTest.dashboardlabeltest()'><b>dashboardlabeltest</b><br>Test class: com.OrangeHrmDemo.qa.Testcases.DashboardPageTest</td>
<td></td>
<td>0</td>
<td>com.OrangeHrmDemo.qa.Testcases.DashboardPageTest@59505b48</td></tr>
<tr>
<td title='com.OrangeHrmDemo.qa.Testcases.DashboardPageTest.requirmentstest()'><b>requirmentstest</b><br>Test class: com.OrangeHrmDemo.qa.Testcases.DashboardPageTest</td>
<td></td>
<td>3</td>
<td>com.OrangeHrmDemo.qa.Testcases.DashboardPageTest@59505b48</td></tr>
<tr>
<td title='com.OrangeHrmDemo.qa.Testcases.RequirementsPageTest.requirementslabletest()'><b>requirementslabletest</b><br>Test class: com.OrangeHrmDemo.qa.Testcases.RequirementsPageTest</td>
<td></td>
<td>0</td>
<td>com.OrangeHrmDemo.qa.Testcases.RequirementsPageTest@4efac082</td></tr>
<tr>
<td title='com.OrangeHrmDemo.qa.Testcases.RequirementsPageTest.createnewrqmtstest()'><b>createnewrqmtstest</b><br>Test class: com.OrangeHrmDemo.qa.Testcases.RequirementsPageTest<br>Parameters: muthu, raya, muthu@12.com</td>
<td></td>
<td>1</td>
<td>com.OrangeHrmDemo.qa.Testcases.RequirementsPageTest@4efac082</td></tr>
</table><p>
</body>
</html>