<?xml version="1.0" encoding="UTF-8"?>
<testng-results skipped="1" failed="1" total="6" passed="4">
  <reporter-output>
  </reporter-output>
  <suite name="Default suite" duration-ms="185814" started-at="2023-04-02T16:17:10Z" finished-at="2023-04-02T16:20:16Z">
    <groups>
    </groups>
    <test name="Default test" duration-ms="185814" started-at="2023-04-02T16:17:10Z" finished-at="2023-04-02T16:20:16Z">
      <class name="com.OrangeHrmDemo.qa.Testcases.RequirementsPageTest">
        <test-method status="PASS" signature="setUp()[pri:0, instance:com.OrangeHrmDemo.qa.Testcases.RequirementsPageTest@42d3bd8b]" name="setUp" is-config="true" duration-ms="24854" started-at="2023-04-02T21:47:10Z" finished-at="2023-04-02T21:47:35Z">
          <reporter-output>
          </reporter-output>
        </test-method> <!-- setUp -->
        <test-method status="PASS" signature="requirementslabletest()[pri:1, instance:com.OrangeHrmDemo.qa.Testcases.RequirementsPageTest@42d3bd8b]" name="requirementslabletest" duration-ms="696" started-at="2023-04-02T21:47:35Z" finished-at="2023-04-02T21:47:35Z">
          <reporter-output>
          </reporter-output>
        </test-method> <!-- requirementslabletest -->
        <test-method status="PASS" signature="teardown()[pri:0, instance:com.OrangeHrmDemo.qa.Testcases.RequirementsPageTest@42d3bd8b]" name="teardown" is-config="true" duration-ms="15" started-at="2023-04-02T21:47:35Z" finished-at="2023-04-02T21:47:35Z">
          <reporter-output>
          </reporter-output>
        </test-method> <!-- teardown -->
        <test-method status="PASS" signature="setUp()[pri:0, instance:com.OrangeHrmDemo.qa.Testcases.RequirementsPageTest@42d3bd8b]" name="setUp" is-config="true" duration-ms="21728" started-at="2023-04-02T21:47:35Z" finished-at="2023-04-02T21:47:57Z">
          <reporter-output>
          </reporter-output>
        </test-method> <!-- setUp -->
        <test-method status="PASS" signature="candidatelabeltest()[pri:2, instance:com.OrangeHrmDemo.qa.Testcases.RequirementsPageTest@42d3bd8b]" name="candidatelabeltest" duration-ms="639" started-at="2023-04-02T21:47:57Z" finished-at="2023-04-02T21:47:58Z">
          <reporter-output>
          </reporter-output>
        </test-method> <!-- candidatelabeltest -->
        <test-method status="PASS" signature="teardown()[pri:0, instance:com.OrangeHrmDemo.qa.Testcases.RequirementsPageTest@42d3bd8b]" name="teardown" is-config="true" duration-ms="0" started-at="2023-04-02T21:47:58Z" finished-at="2023-04-02T21:47:58Z">
          <reporter-output>
          </reporter-output>
        </test-method> <!-- teardown -->
        <test-method status="PASS" signature="setUp()[pri:0, instance:com.OrangeHrmDemo.qa.Testcases.RequirementsPageTest@42d3bd8b]" name="setUp" is-config="true" duration-ms="27809" started-at="2023-04-02T21:47:58Z" finished-at="2023-04-02T21:48:25Z">
          <reporter-output>
          </reporter-output>
        </test-method> <!-- setUp -->
        <test-method status="FAIL" signature="selectcheckboxtest()[pri:3, instance:com.OrangeHrmDemo.qa.Testcases.RequirementsPageTest@42d3bd8b]" name="selectcheckboxtest" duration-ms="10065" started-at="2023-04-02T21:48:25Z" finished-at="2023-04-02T21:48:36Z">
          <exception class="org.openqa.selenium.NoSuchElementException">
            <message>
              <![CDATA[no such element: Unable to locate element: {"method":"xpath","selector":"//div[contains(text(),'Sales Representative')]//parent::div//preceding-sibling::div/div/div/label/span/i"}
  (Session info: chrome=111.0.5563.147)
For documentation on this error, please visit: https://selenium.dev/exceptions/#no_such_element
Build info: version: '4.8.3', revision: 'e5e76298c3'
System info: os.name: 'Windows 10', os.arch: 'amd64', os.version: '10.0', java.version: '1.8.0_361'
Driver info: org.openqa.selenium.chrome.ChromeDriver
Command: [286cb0b12863c9e11b6b38719faea625, findElement {using=xpath, value=//div[contains(text(),'Sales Representative')]//parent::div//preceding-sibling::div/div/div/label/span/i}]
Capabilities {acceptInsecureCerts: false, browserName: chrome, browserVersion: 111.0.5563.147, chrome: {chromedriverVersion: 111.0.5563.64 (c710e93d5b63..., userDataDir: C:\Users\BAPPAR~1\AppData\L...}, goog:chromeOptions: {debuggerAddress: localhost:58588}, networkConnectionEnabled: false, pageLoadStrategy: normal, platformName: WINDOWS, proxy: Proxy(), se:cdp: ws://localhost:58588/devtoo..., se:cdpVersion: 111.0.5563.147, setWindowRect: true, strictFileInteractability: false, timeouts: {implicit: 0, pageLoad: 300000, script: 30000}, unhandledPromptBehavior: dismiss and notify, webauthn:extension:credBlob: true, webauthn:extension:largeBlob: true, webauthn:extension:minPinLength: true, webauthn:extension:prf: true, webauthn:virtualAuthenticators: true}
Session ID: 286cb0b12863c9e11b6b38719faea625]]>
            </message>
            <full-stacktrace>
              <![CDATA[org.openqa.selenium.NoSuchElementException: no such element: Unable to locate element: {"method":"xpath","selector":"//div[contains(text(),'Sales Representative')]//parent::div//preceding-sibling::div/div/div/label/span/i"}
  (Session info: chrome=111.0.5563.147)
For documentation on this error, please visit: https://selenium.dev/exceptions/#no_such_element
Build info: version: '4.8.3', revision: 'e5e76298c3'
System info: os.name: 'Windows 10', os.arch: 'amd64', os.version: '10.0', java.version: '1.8.0_361'
Driver info: org.openqa.selenium.chrome.ChromeDriver
Command: [286cb0b12863c9e11b6b38719faea625, findElement {using=xpath, value=//div[contains(text(),'Sales Representative')]//parent::div//preceding-sibling::div/div/div/label/span/i}]
Capabilities {acceptInsecureCerts: false, browserName: chrome, browserVersion: 111.0.5563.147, chrome: {chromedriverVersion: 111.0.5563.64 (c710e93d5b63..., userDataDir: C:\Users\BAPPAR~1\AppData\L...}, goog:chromeOptions: {debuggerAddress: localhost:58588}, networkConnectionEnabled: false, pageLoadStrategy: normal, platformName: WINDOWS, proxy: Proxy(), se:cdp: ws://localhost:58588/devtoo..., se:cdpVersion: 111.0.5563.147, setWindowRect: true, strictFileInteractability: false, timeouts: {implicit: 0, pageLoad: 300000, script: 30000}, unhandledPromptBehavior: dismiss and notify, webauthn:extension:credBlob: true, webauthn:extension:largeBlob: true, webauthn:extension:minPinLength: true, webauthn:extension:prf: true, webauthn:virtualAuthenticators: true}
Session ID: 286cb0b12863c9e11b6b38719faea625
	at sun.reflect.NativeConstructorAccessorImpl.newInstance0(Native Method)
	at sun.reflect.NativeConstructorAccessorImpl.newInstance(Unknown Source)
	at sun.reflect.DelegatingConstructorAccessorImpl.newInstance(Unknown Source)
	at java.lang.reflect.Constructor.newInstance(Unknown Source)
	at org.openqa.selenium.remote.codec.w3c.W3CHttpResponseCodec.createException(W3CHttpResponseCodec.java:200)
	at org.openqa.selenium.remote.codec.w3c.W3CHttpResponseCodec.decode(W3CHttpResponseCodec.java:133)
	at org.openqa.selenium.remote.codec.w3c.W3CHttpResponseCodec.decode(W3CHttpResponseCodec.java:53)
	at org.openqa.selenium.remote.HttpCommandExecutor.execute(HttpCommandExecutor.java:193)
	at org.openqa.selenium.remote.service.DriverCommandExecutor.invokeExecute(DriverCommandExecutor.java:183)
	at org.openqa.selenium.remote.service.DriverCommandExecutor.execute(DriverCommandExecutor.java:158)
	at org.openqa.selenium.remote.RemoteWebDriver.execute(RemoteWebDriver.java:543)
	at org.openqa.selenium.remote.ElementLocation$ElementFinder$2.findElement(ElementLocation.java:162)
	at org.openqa.selenium.remote.ElementLocation.findElement(ElementLocation.java:60)
	at org.openqa.selenium.remote.RemoteWebDriver.findElement(RemoteWebDriver.java:352)
	at org.openqa.selenium.remote.RemoteWebDriver.findElement(RemoteWebDriver.java:344)
	at com.OrangeHrmDemo.qa.Pages.Requirments.selectsalrepreqcheckbox(Requirments.java:51)
	at com.OrangeHrmDemo.qa.Testcases.RequirementsPageTest.selectcheckboxtest(RequirementsPageTest.java:49)
	at sun.reflect.NativeMethodAccessorImpl.invoke0(Native Method)
	at sun.reflect.NativeMethodAccessorImpl.invoke(Unknown Source)
	at sun.reflect.DelegatingMethodAccessorImpl.invoke(Unknown Source)
	at java.lang.reflect.Method.invoke(Unknown Source)
	at org.testng.internal.MethodInvocationHelper.invokeMethod(MethodInvocationHelper.java:86)
	at org.testng.internal.Invoker.invokeMethod(Invoker.java:645)
	at org.testng.internal.Invoker.invokeTestMethod(Invoker.java:822)
	at org.testng.internal.Invoker.invokeTestMethods(Invoker.java:1130)
	at org.testng.internal.TestMethodWorker.invokeTestMethods(TestMethodWorker.java:129)
	at org.testng.internal.TestMethodWorker.run(TestMethodWorker.java:112)
	at org.testng.TestRunner.privateRun(TestRunner.java:782)
	at org.testng.TestRunner.run(TestRunner.java:632)
	at org.testng.SuiteRunner.runTest(SuiteRunner.java:366)
	at org.testng.SuiteRunner.runSequentially(SuiteRunner.java:361)
	at org.testng.SuiteRunner.privateRun(SuiteRunner.java:319)
	at org.testng.SuiteRunner.run(SuiteRunner.java:268)
	at org.testng.SuiteRunnerWorker.runSuite(SuiteRunnerWorker.java:52)
	at org.testng.SuiteRunnerWorker.run(SuiteRunnerWorker.java:86)
	at org.testng.TestNG.runSuitesSequentially(TestNG.java:1244)
	at org.testng.TestNG.runSuitesLocally(TestNG.java:1169)
	at org.testng.TestNG.run(TestNG.java:1064)
	at org.testng.remote.RemoteTestNG.run(RemoteTestNG.java:113)
	at org.testng.remote.RemoteTestNG.initAndRun(RemoteTestNG.java:206)
	at org.testng.remote.RemoteTestNG.main(RemoteTestNG.java:177)
]]>
            </full-stacktrace>
          </exception> <!-- org.openqa.selenium.NoSuchElementException -->
          <reporter-output>
          </reporter-output>
        </test-method> <!-- selectcheckboxtest -->
        <test-method status="PASS" signature="teardown()[pri:0, instance:com.OrangeHrmDemo.qa.Testcases.RequirementsPageTest@42d3bd8b]" name="teardown" is-config="true" duration-ms="0" started-at="2023-04-02T21:48:36Z" finished-at="2023-04-02T21:48:36Z">
          <reporter-output>
          </reporter-output>
        </test-method> <!-- teardown -->
        <test-method status="PASS" signature="setUp()[pri:0, instance:com.OrangeHrmDemo.qa.Testcases.RequirementsPageTest@42d3bd8b]" name="setUp" is-config="true" duration-ms="29203" started-at="2023-04-02T21:48:36Z" finished-at="2023-04-02T21:49:06Z">
          <reporter-output>
          </reporter-output>
        </test-method> <!-- setUp -->
        <test-method status="PASS" signature="createnewrqmtstest(java.lang.String, java.lang.String, java.lang.String)[pri:4, instance:com.OrangeHrmDemo.qa.Testcases.RequirementsPageTest@42d3bd8b]" name="createnewrqmtstest" duration-ms="2858" started-at="2023-04-02T21:49:06Z" data-provider="getTestorangehrmData" finished-at="2023-04-02T21:49:09Z">
          <params>
            <param index="0">
              <value>
                <![CDATA[Bappa]]>
              </value>
            </param>
            <param index="1">
              <value>
                <![CDATA[raya]]>
              </value>
            </param>
            <param index="2">
              <value>
                <![CDATA[bappa@12.com]]>
              </value>
            </param>
          </params>
          <reporter-output>
          </reporter-output>
        </test-method> <!-- createnewrqmtstest -->
        <test-method status="PASS" signature="teardown()[pri:0, instance:com.OrangeHrmDemo.qa.Testcases.RequirementsPageTest@42d3bd8b]" name="teardown" is-config="true" duration-ms="0" started-at="2023-04-02T21:49:09Z" finished-at="2023-04-02T21:49:09Z">
          <reporter-output>
          </reporter-output>
        </test-method> <!-- teardown -->
        <test-method status="PASS" signature="setUp()[pri:0, instance:com.OrangeHrmDemo.qa.Testcases.RequirementsPageTest@42d3bd8b]" name="setUp" is-config="true" duration-ms="25636" started-at="2023-04-02T21:49:09Z" finished-at="2023-04-02T21:49:34Z">
          <reporter-output>
          </reporter-output>
        </test-method> <!-- setUp -->
        <test-method status="PASS" signature="createnewrqmtstest(java.lang.String, java.lang.String, java.lang.String)[pri:4, instance:com.OrangeHrmDemo.qa.Testcases.RequirementsPageTest@42d3bd8b]" name="createnewrqmtstest" duration-ms="4015" started-at="2023-04-02T21:49:34Z" data-provider="getTestorangehrmData" finished-at="2023-04-02T21:49:38Z">
          <params>
            <param index="0">
              <value>
                <![CDATA[muthu]]>
              </value>
            </param>
            <param index="1">
              <value>
                <![CDATA[raya]]>
              </value>
            </param>
            <param index="2">
              <value>
                <![CDATA[muthu@12.com]]>
              </value>
            </param>
          </params>
          <reporter-output>
          </reporter-output>
        </test-method> <!-- createnewrqmtstest -->
        <test-method status="PASS" signature="teardown()[pri:0, instance:com.OrangeHrmDemo.qa.Testcases.RequirementsPageTest@42d3bd8b]" name="teardown" is-config="true" duration-ms="1" started-at="2023-04-02T21:49:38Z" finished-at="2023-04-02T21:49:38Z">
          <reporter-output>
          </reporter-output>
        </test-method> <!-- teardown -->
        <test-method status="FAIL" signature="setUp()[pri:0, instance:com.OrangeHrmDemo.qa.Testcases.RequirementsPageTest@42d3bd8b]" name="setUp" is-config="true" duration-ms="0" started-at="2023-04-02T21:49:38Z" finished-at="2023-04-02T21:49:38Z">
          <exception class="org.openqa.selenium.TimeoutException">
            <message>
              <![CDATA[timeout: Timed out receiving message from renderer: 28.804
  (Session info: chrome=111.0.5563.147)
Build info: version: '4.8.3', revision: 'e5e76298c3'
System info: os.name: 'Windows 10', os.arch: 'amd64', os.version: '10.0', java.version: '1.8.0_361'
Driver info: org.openqa.selenium.chrome.ChromeDriver
Command: [5605bfd826ec089bac68ab60accb355d, get {url=https://opensource-demo.orangehrmlive.com/web/index.php/auth/login}]
Capabilities {acceptInsecureCerts: false, browserName: chrome, browserVersion: 111.0.5563.147, chrome: {chromedriverVersion: 111.0.5563.64 (c710e93d5b63..., userDataDir: C:\Users\BAPPAR~1\AppData\L...}, goog:chromeOptions: {debuggerAddress: localhost:58720}, networkConnectionEnabled: false, pageLoadStrategy: normal, platformName: WINDOWS, proxy: Proxy(), se:cdp: ws://localhost:58720/devtoo..., se:cdpVersion: 111.0.5563.147, setWindowRect: true, strictFileInteractability: false, timeouts: {implicit: 0, pageLoad: 300000, script: 30000}, unhandledPromptBehavior: dismiss and notify, webauthn:extension:credBlob: true, webauthn:extension:largeBlob: true, webauthn:extension:minPinLength: true, webauthn:extension:prf: true, webauthn:virtualAuthenticators: true}
Session ID: 5605bfd826ec089bac68ab60accb355d]]>
            </message>
            <full-stacktrace>
              <![CDATA[org.openqa.selenium.TimeoutException: timeout: Timed out receiving message from renderer: 28.804
  (Session info: chrome=111.0.5563.147)
Build info: version: '4.8.3', revision: 'e5e76298c3'
System info: os.name: 'Windows 10', os.arch: 'amd64', os.version: '10.0', java.version: '1.8.0_361'
Driver info: org.openqa.selenium.chrome.ChromeDriver
Command: [5605bfd826ec089bac68ab60accb355d, get {url=https://opensource-demo.orangehrmlive.com/web/index.php/auth/login}]
Capabilities {acceptInsecureCerts: false, browserName: chrome, browserVersion: 111.0.5563.147, chrome: {chromedriverVersion: 111.0.5563.64 (c710e93d5b63..., userDataDir: C:\Users\BAPPAR~1\AppData\L...}, goog:chromeOptions: {debuggerAddress: localhost:58720}, networkConnectionEnabled: false, pageLoadStrategy: normal, platformName: WINDOWS, proxy: Proxy(), se:cdp: ws://localhost:58720/devtoo..., se:cdpVersion: 111.0.5563.147, setWindowRect: true, strictFileInteractability: false, timeouts: {implicit: 0, pageLoad: 300000, script: 30000}, unhandledPromptBehavior: dismiss and notify, webauthn:extension:credBlob: true, webauthn:extension:largeBlob: true, webauthn:extension:minPinLength: true, webauthn:extension:prf: true, webauthn:virtualAuthenticators: true}
Session ID: 5605bfd826ec089bac68ab60accb355d
	at sun.reflect.NativeConstructorAccessorImpl.newInstance0(Native Method)
	at sun.reflect.NativeConstructorAccessorImpl.newInstance(Unknown Source)
	at sun.reflect.DelegatingConstructorAccessorImpl.newInstance(Unknown Source)
	at java.lang.reflect.Constructor.newInstance(Unknown Source)
	at org.openqa.selenium.remote.codec.w3c.W3CHttpResponseCodec.createException(W3CHttpResponseCodec.java:200)
	at org.openqa.selenium.remote.codec.w3c.W3CHttpResponseCodec.decode(W3CHttpResponseCodec.java:133)
	at org.openqa.selenium.remote.codec.w3c.W3CHttpResponseCodec.decode(W3CHttpResponseCodec.java:53)
	at org.openqa.selenium.remote.HttpCommandExecutor.execute(HttpCommandExecutor.java:193)
	at org.openqa.selenium.remote.service.DriverCommandExecutor.invokeExecute(DriverCommandExecutor.java:183)
	at org.openqa.selenium.remote.service.DriverCommandExecutor.execute(DriverCommandExecutor.java:158)
	at org.openqa.selenium.remote.RemoteWebDriver.execute(RemoteWebDriver.java:543)
	at org.openqa.selenium.remote.RemoteWebDriver.get(RemoteWebDriver.java:297)
	at com.OrangeHrmDemo.qa.Base.TestBase.intialization(TestBase.java:52)
	at com.OrangeHrmDemo.qa.Testcases.RequirementsPageTest.setUp(RequirementsPageTest.java:29)
	at sun.reflect.NativeMethodAccessorImpl.invoke0(Native Method)
	at sun.reflect.NativeMethodAccessorImpl.invoke(Unknown Source)
	at sun.reflect.DelegatingMethodAccessorImpl.invoke(Unknown Source)
	at java.lang.reflect.Method.invoke(Unknown Source)
	at org.testng.internal.MethodInvocationHelper.invokeMethod(MethodInvocationHelper.java:86)
	at org.testng.internal.Invoker.invokeConfigurationMethod(Invoker.java:514)
	at org.testng.internal.Invoker.invokeConfigurations(Invoker.java:215)
	at org.testng.internal.Invoker.invokeMethod(Invoker.java:589)
	at org.testng.internal.Invoker.invokeTestMethod(Invoker.java:822)
	at org.testng.internal.Invoker.invokeTestMethods(Invoker.java:1130)
	at org.testng.internal.TestMethodWorker.invokeTestMethods(TestMethodWorker.java:129)
	at org.testng.internal.TestMethodWorker.run(TestMethodWorker.java:112)
	at org.testng.TestRunner.privateRun(TestRunner.java:782)
	at org.testng.TestRunner.run(TestRunner.java:632)
	at org.testng.SuiteRunner.runTest(SuiteRunner.java:366)
	at org.testng.SuiteRunner.runSequentially(SuiteRunner.java:361)
	at org.testng.SuiteRunner.privateRun(SuiteRunner.java:319)
	at org.testng.SuiteRunner.run(SuiteRunner.java:268)
	at org.testng.SuiteRunnerWorker.runSuite(SuiteRunnerWorker.java:52)
	at org.testng.SuiteRunnerWorker.run(SuiteRunnerWorker.java:86)
	at org.testng.TestNG.runSuitesSequentially(TestNG.java:1244)
	at org.testng.TestNG.runSuitesLocally(TestNG.java:1169)
	at org.testng.TestNG.run(TestNG.java:1064)
	at org.testng.remote.RemoteTestNG.run(RemoteTestNG.java:113)
	at org.testng.remote.RemoteTestNG.initAndRun(RemoteTestNG.java:206)
	at org.testng.remote.RemoteTestNG.main(RemoteTestNG.java:177)
]]>
            </full-stacktrace>
          </exception> <!-- org.openqa.selenium.TimeoutException -->
          <reporter-output>
          </reporter-output>
        </test-method> <!-- setUp -->
        <test-method status="SKIP" signature="createnewrqmtstest(java.lang.String, java.lang.String, java.lang.String)[pri:4, instance:com.OrangeHrmDemo.qa.Testcases.RequirementsPageTest@42d3bd8b]" name="createnewrqmtstest" duration-ms="1" started-at="2023-04-02T21:50:16Z" data-provider="getTestorangehrmData" finished-at="2023-04-02T21:50:16Z">
          <params>
            <param index="0">
              <value>
                <![CDATA[Ram]]>
              </value>
            </param>
            <param index="1">
              <value>
                <![CDATA[shantha]]>
              </value>
            </param>
            <param index="2">
              <value>
                <![CDATA[ram@12.com]]>
              </value>
            </param>
          </params>
          <reporter-output>
          </reporter-output>
        </test-method> <!-- createnewrqmtstest -->
        <test-method status="SKIP" signature="teardown()[pri:0, instance:com.OrangeHrmDemo.qa.Testcases.RequirementsPageTest@42d3bd8b]" name="teardown" is-config="true" duration-ms="0" started-at="2023-04-02T21:50:16Z" finished-at="2023-04-02T21:50:16Z">
          <reporter-output>
          </reporter-output>
        </test-method> <!-- teardown -->
      </class> <!-- com.OrangeHrmDemo.qa.Testcases.RequirementsPageTest -->
    </test> <!-- Default test -->
  </suite> <!-- Default suite -->
</testng-results>
